<?xml version="1.0" encoding="UTF-8"?>
<!-- Generated by org.testng.reporters.JUnitReportReporter -->
<testsuite skipped="0" hostname="IBM-Testing01" name="com.training.sanity.tests.CYTC_26Test" tests="1" failures="0" timestamp="20 Jan 2020 06:01:09 GMT" time="24.492" errors="0">
  <testcase name="validManageLoanTest" time="24.492" classname="com.training.sanity.tests.CYTC_26Test"/>
</testsuite> <!-- com.training.sanity.tests.CYTC_26Test -->
