<?xml version="1.0" encoding="UTF-8"?>
<!-- Generated by org.testng.reporters.JUnitReportReporter -->
<testsuite skipped="0" hostname="IBM-Testing01" name="com.training.sanity.tests.CYTC_55Test" tests="1" failures="0" timestamp="20 Jan 2020 09:44:33 GMT" time="58.521" errors="0">
  <testcase name="validLoginTest" time="58.521" classname="com.training.sanity.tests.CYTC_55Test"/>
</testsuite> <!-- com.training.sanity.tests.CYTC_55Test -->
